<?xml version="1.0" encoding="UTF-8"?>
<robot generator="Robot 6.0.2 (Python 3.10.10 on linux)" generated="20230210 17:05:55.233" rpa="false" schemaversion="3">
<suite id="s1" name="Browser" source="/home/karinno/Documents/git-source/DockerExercise/docker_exercise/automate/browser.robot">
<test id="s1-t1" name="Test_1_001" line="7">
<kw name="Open Browser" library="Browser">
<arg>https://google.co.th</arg>
<arg>headless=${True}</arg>
<tag>BrowserControl</tag>
<tag>Setter</tag>
<doc>Opens a new browser instance. Use this keyword for quick experiments or debugging sessions.</doc>
<msg timestamp="20230210 17:05:55.888" level="WARN">Open Browser is for quick experimentation and debugging only. Use New Page for production.</msg>
<msg timestamp="20230210 17:05:55.889" level="INFO">{"browser": "chromium", "headless": true, "devtools": false, "handleSIGHUP": true, "handleSIGINT": true, "handleSIGTERM": true, "slowMo": 0.0, "timeout": 30000.0, "deprecated_pos_args": [], "tracesDir": "/home/karinno/Documents/git-source/DockerExercise/docker_exercise/Result/browser/traces/f3e0b247-faa0-4026-9914-863c107d4292"}</msg>
<msg timestamp="20230210 17:05:56.233" level="INFO">Successfully created browser with options: {"browser":"chromium","headless":true,"devtools":false,"handleSIGHUP":true,"handleSIGINT":true,"handleSIGTERM":true,"slowMo":0,"timeout":30000,"deprecated_pos_args":[],"tracesDir":"/home/karinno/Documents/git-source/DockerExercise/docker_exercise/Result/browser/traces/f3e0b247-faa0-4026-9914-863c107d4292"}</msg>
<msg timestamp="20230210 17:05:56.234" level="INFO">{
  "acceptDownloads": true,
  "bypassCSP": true,
  "forcedColors": "none",
  "hideRfBrowser": false,
  "ignoreHTTPSErrors": false,
  "javaScriptEnabled": true,
  "offline": false,
  "reducedMotion": "no-preference",
  "viewport": {
    "height": 720,
    "width": 1280
  },
  "deprecated_pos_args": []
}</msg>
<msg timestamp="20230210 17:05:56.264" level="INFO">Successfully created context. </msg>
<msg timestamp="20230210 17:05:56.264" level="INFO">{'acceptDownloads': True, 'bypassCSP': True, 'forcedColors': 'none', 'hideRfBrowser': False, 'ignoreHTTPSErrors': False, 'javaScriptEnabled': True, 'offline': False, 'reducedMotion': 'no-preference', 'viewport': {'height': 720, 'width': 1280}, 'deprecated_pos_args': []}</msg>
<msg timestamp="20230210 17:05:59.018" level="INFO">Successfully initialized new page object and opened url: https://google.co.th</msg>
<status status="PASS" starttime="20230210 17:05:55.887" endtime="20230210 17:05:59.018"/>
</kw>
<kw name="Take Screenshot" library="Browser">
<tag>PageContent</tag>
<doc>Takes a screenshot of the current window or element and saves it to disk.</doc>
<msg timestamp="20230210 17:05:59.212" level="INFO" html="true">&lt;/td&gt;&lt;/tr&gt;&lt;tr&gt;&lt;td colspan="3"&gt;&lt;a href="browser/screenshot/robotframework-browser-screenshot-1.png"&gt;&lt;img src="browser/screenshot/robotframework-browser-screenshot-1.png" width="800px"&gt;&lt;/a&gt;</msg>
<status status="PASS" starttime="20230210 17:05:59.019" endtime="20230210 17:05:59.213"/>
</kw>
<doc>Docker Test</doc>
<status status="PASS" starttime="20230210 17:05:55.884" endtime="20230210 17:05:59.213"/>
</test>
<doc>Browser</doc>
<status status="PASS" starttime="20230210 17:05:55.234" endtime="20230210 17:05:59.340"/>
</suite>
<statistics>
<total>
<stat pass="1" fail="0" skip="0">All Tests</stat>
</total>
<tag>
</tag>
<suite>
<stat pass="1" fail="0" skip="0" id="s1" name="Browser">Browser</stat>
</suite>
</statistics>
<errors>
<msg timestamp="20230210 17:05:55.888" level="WARN">Open Browser is for quick experimentation and debugging only. Use New Page for production.</msg>
</errors>
</robot>
